[    0.000000]Linux version 4.15.0-58-generic (buildd@lcy01-amd64-013) (gcc version 7.4.0 (Ubuntu 7.4.0-1ubuntu1~18.04.1)) #64-Ubuntu SMP Tue Aug 6 11:12:41 UTC 2019 (Ubuntu 4.15.0-58.64-generic 4.15.18)
[    0.000000] Command line: BOOT_IMAGE=/boot/vmlinuz-4.15.0-58-generic root=UUID=c96d8c50-ee80-4ac7-84c9-80244f1234dc ro console=tty1 console=ttyS0
[    0.000000] KERNEL supported cpus:
[    0.000000]   Intel GenuineIntel
[    0.000000]   AMD AuthenticAMD
[    0.000000]   Centaur CentaurHauls
[    0.000000] x86/fpu: Supporting XSAVE feature 0x001: 'x87 floating point registers'
[    0.000000] x86/fpu:Supporting XSAVE feature 0x002: 'SSE registers'
[    0.000000] x86/fpu: Supporting XSAVE feature 0x004: 'AVX registers'
[    0.0000] x86pu: stat_offset[2]:  576, xstate_sizes[2]:  256
[    0.000000] x86/fpu: Enabled xstate features 0x7, context size is 832 bytes, usi 'standard' format.
[    0.000000] e820: BI-provded psical RAM map:
[    0.000000]BIO-e820: meem 0x0000000000000000-0x000000000009fbff] usale
[    0.0000] IOS-e820: [em 0x000000009fc0-0000000000009ffff] reserved
[    0.000000] BIOS-e820: [mem 0x000000000f000-0x000000000fffff] reserved
[    0.0000] BIOS-e820: [mem 0x0000000000100000-0x000000003ffeffff] usable
[    0.000000] BIOS-e820: [mem 0x000000003fff0000-0x000000003fffffff] ACPI data
[    0.000000] BIOS-e820: [mem 0x00000000fec00000-0x00000000fec00fff] reserved
[    0.000000] BIOS-e820: [mem 0x00000000fee00000-0x000000fee00fff] resved
[    0.000000] BIOS-e820:mem 0x00000000ffc000-0x00000000ffffffff] reserved
[    0.000000] NX (Execute Disable protection: active
[    0.000000] SMBIOS 2.5 present.
[    0.000000] DMI: innotek GmbH VirtualBox/VirtualBox, BIOS VirtualBox 12/01/2006
[    0.000000] Hypervisor detected: KVM
[    0.000000] e820: last_pfn = 0x3fff0 max_arch_pfn = 0x400000000
[    0.000000] MTRR: Disabled
[    0.000000] x86/PAT: MTRRs disabled, skipping PAT initializaton to.
[    0.0000] CPU MTRRs all blank - virtualized system.
[    0.0000] x86/PAT: Configuration [0-7]: WB  WT  UC- UC  WB  WT  UC- UC  
[    0.000000] found SMP MP-table at [mem 0x0009fff0-0x0009ff] mapped at [        (ptrval)]
[    0.000000] Scanning 1 areas for low memory coruption
    0.0000 RAMDIS: me 0x35985000-x3cbfff]
[    0.00000 ACPI: Early table checksum verification disabled
[    0.000000] ACPI: RSDP 0x00000000000E0000 000024 (v02 VBOX  )
[    0.000000 ACPI XSD0x0000003FFF00300003C (v01 VBOX   VBOXXSDT 00000001 ASL  00000061)
[    0.000000] ACPI: FACP 0x000000003FFF00F0 0000F4 (v04 VBOX   VBOXFACP 00000001 ASL  00000061)
[    0.000000] ACPI: DSDT 0x000000003FFF0470 0021FF (2 VBOX   VBOXBIOS 00000002 INTL 20100528)
[    0.000000] ACPI: FACS 0x000000003FF0200 00040
[    0.000000] ACPI: FACS 0x000000003FFF0200 000040
[    0.000000] ACPI: APIC 0x000000003FFF0240 00005C (v02 VBOX   VBOXAPIC 00000001 ASL  00000061)
[    0.000000] ACPI: SSDT 0x000000003FFF02A0 0001 (v01 BO   VBCPUT 00000002 INTL 20100528)
   0.000000] No NUMA configuration found
[    0.000000] Faking a node at [mem 0x0000000000000000-0x000000003ffeffff]
[    0.000000] NODE_DATA(0) allocated [mem 0x3ffc5000-0x3ffeffff]
[    0.000000] kvm-clock: cpu 0, msr 0:3ff44001, primary cpu clock
[    0.000000] kvm-clock: Using msrs 4b564d01 and 4b564d00
[    0.000000] kvm-clock: using sched offset of 4435778867 cycles
[    0.000000] clocksourcce: kvm-clock: mask: 0xffffffffffffffff max_cycles: 0x1cd42e4dffb, max_idle_ns: 881590591483 ns
[    0.000000] Zone ranges:
[    0.000000]   DMA      [mem 0x0000000000001000-0x0000000000ffffff]
[    0.000000]   DMA32    [mem 0x0000000001000000-0x000000003ffeffff]
[    0.00000]   Normal   empty
[    0.000000]  Device  empty
    0.00000] Movble zone starforr each node
[    0.000000] Early memory node ranges
[  0.000000] node   0: [mem 0x0000000000001000-0x0000000009ef]
[    .000000]  node   0 [mem 0x000000010000-0x0000003ffeff]
[    0.0000] Resrved but unavailable: 98 pages
[    0.000000] Initmem setup nod 0 [mm 0x0000000000001000-0x000000003ffeffff]
[    0.000000] PI: PMTier IO Pt:0x4008
[   0.0000] IOAPIC[0]: apic_id 2, version 32, address 0xfe000, GSI 0-23
[    0.000000] ACPI: INT_SRC_OVR (bus 0 bus_irq 0 global_irq 2 dfl dfl)
[    0.000000] ACPI: INT_SRC_OVR (bus 0 bus_irq 9 global_irq 9 low level)
[    0.000000 Using ACPI (MADT) for SMP configuration information
[    0.000000] smpboot: Allowing 2 CPUs, 0 hotplug CPUs
[    0.000000] PM: Registered nosave memory: [mem 0x00000000-0x00000fff]
[    0.000000] PM: Registered nosave memory: [mem 0x0009f000-0x0009ffff]
[    0.000000] PM: Registered nosave meory: [mem 0x000a0000-0x000effff]
[    0.000000] PM: Registered nosave memory: [mem 0x000f0000-00fffff]
[  0.00000] e820:[mem 0x400000000xxfeffff] avalable for PC devices
[    0.000000] Booting paravirtualized kernel on KVM
[    0.000000] clocksource: refined-jiffies: mask: 0xffffffff max_cycles: 0xffffffff, max_idle_ns: 7645519600211568 ns
[    0.000000] random: get_random_bytes called from start_kernel+0x99/0x4fd wi crng_init=0
[    000000] setp_ercpu: NR_US:8192 nr_cpumask_bits nr_cpids:2 _node_ids:1
[    0.000000] percpu: Embedded 46 pas/cpu @        (ptrval) s151552 r8192 d28672 u1048576
[    0.000000] PV qspinlock hash table entries: 256 (order: 0,4096 btes)
   0.000000] Built 1 zonelists, mobility grouping on.  Total pages: 257913
[    0.000000] Policy zone: DMA32
[    0.000000] Kernel command line: BOOT_IMAGE=/boot/vmlinuz-4.15.0-58-generic root=UUID=c96d8c50-ee80-4ac7-84c9-80244f1234dc ro nsole=tt console=ttyS
[    0.000000] Memory: 982928K/1048120K available (123000K kernel code, 2478K rwdaa, 4280K rodaa, 2424K init, 2384K bss, 512K reserd, 0K cma-reserved)
[    0.000000] SLUB: HWalign=64, Order=0-3, MinObjects=0, CPUs=2, Nodes=1
[    0.000000] Kernel/User page tables isolation: enabled
[    0.000000] ftrace: allocating 39243 entries in 154 pages
[    0.004000] Hierarchical RCU implementation.
[    0.004000] 	RCU restricting CPUs from NR_CPUS=8192 to nr_cpu_ids=2.
[   .04000] 	Tasks RCU enabled.
[    0.004000] RCU: Adjusting geometrry forc_fanout_leaf=16, nr_cpu_ids=2
[    0.004000] NR_IRQS: 524544, nr_irqs: 440, preallocated irqs: 16[   .004000] Console: colour VGA+ 80x25
[    0.004000]console [tty1] enabled
[    0.004000] console [ttyS0] enabled
[    0.004000] ACPI: Core revision 2017081
[    0.004000] ACPI: 2 ACPI AML tables successfully acquired and loaded
[    0.004000] APIC: Switch to symmetric I/O mode setup
[    0.004000] x2apic enabled
[   .004000] Switched APIC routing to physical x2apic.
[    0.005068] ..TIMER: vector=0x30 apic1=0 pin1=2 apic2=-1 pin2=-1
[    0.008006] tsc: Detected 1607.999 MHz processor
[    0.009856] Calibrating delay loop (skipped) preset value.. 3215.99 BogoMIPS (lpj=6431996)
[    0.012012] pid_max: default: 32768 minimum: 301
[    0.016053] Security Framework initialized
[    0.020009] Yama: becoming mindful.
[    0.024046] AppArmor: AppArmor initialized
[    0.028059] Dentry cache hash table entries: 131072 (order: 8, 1048576 bytes)
[    0.032089] Inode-cache hash table entries: 65536 (order: 7, 524288 bytes)
[    0.036018] Mount-cache hash table entries: 2048 (order: 2, 16384 bytes)
[    0.040010] Mountpoint-cache hash table entries: 2048 (order: 2, 16384 bytes)
[    0.044250] mce: CPU supports 0 MCE banks
[    0.048017] Last level iTLB entries: 4KB 64, 2MB 8, 4MB 8
[    0.049764] Last level dTLB entries: 4KB 64, 2MB 0, 4MB 0, 1GB 4
[    0.052003] Spectre V1 : Mitigation: usercopy/swapgs barriers and __user pointer sanitization
[    0.056007] Spectre V2 : Mitigation: Full generic retpoline
[    0.060003] Spectre V2 : Spectre v2 / SpectreRSB mitigation: Filling RSB on context switch
[    0.064004] Speculative Store Bypass: Vulnerable
[    0.068048] MDS: Vulnerable: Clear CPU buffers attempted, no microcode
[    0.072087] Freeing SMP alternatives memory: 36K
[    0.080000] smpboot: CPU0: Intel(R) Core(TM) i5-8210Y CPU @ 1.60GHz (family: 0x6, model: 0x8e, stepping: 0x9)
[    0.080102] Performance Events: unsupported p6 CPU model 142 no PMU driver, software events only.
[    0.082395] Hierarchical SRCU implementation.
[    0.084651] NMI watchdog: Perf event create on CPU 0 failed with -2
[    0.086281] NMI watchdog: Perf NMI watchdog permanently disabled
[    0.088095] smp: Bringing up secondary CPUs ...
[    0.089323] x86: Booting SMP configuration:
[    0.090387] .... node  #0, CPUs:      #1
[    0.004000] kvm-clock: cpu 1, msr 0:3ff44041, secondary cpu clock
[    0.004000] mce: CPU supports 0 MCE banks
[    0.116120] smp: Brought up 1 node, 2 CPUs
[    0.118321] smpboot: Max logical packages: 1
[    0.120013] smpboot: Total of 2 processors activated (6431.99 BogoMIPS)
[    0.124393] devtmpfs: initialized
[    0.126226] x86/mm: Memory block size: 128MB
[    0.128639] evm: security.selinux
[    0.132008] evm: security.SMACK64
[    0.134185] evm: security.SMACK64EXEC
[    0.136008] evm: security.SMACK64TRANSMUTE
[    0.140007] evm: security.SMACK64MMAP
[    0.141946] evm: security.apparmor
[    0.144004] evm: security.ima
[    0.148006] evm: security.capability
[    0.149793] clocksource: jiffies: mask: 0xffffffff max_cycles: 0xffffffff, max_idle_ns: 7645041785100000 ns
[    0.152023] futex hash table entries: 512 (order: 3, 32768 bytes)
[    0.154456] pinctrl core: initialized pinctrl subsystem
[    0.157348] RTC time:  3:32:23, date: 08/26/19
[    0.160185] NET: Registered protocol family 16
[    0.161519] audit: initializing netlink subsys (disabled)
[    0.164044] audit: type=2000 audit(1566790343.254:1): state=initialized audit_enabled=0 res=1
[    0.224015] cpuidle: using governor ladder
[    0.228021] cpuidle: using governor menu
[    0.232060] ACPI: bus type PCI registered
[    0.233395] acpiphp: ACPI Hot Plug PCI Controller Driver version: 0.5
[    0.236147] PCI: Using configuration type 1 for base access
[    0.244731] HugeTLB registered 2.00 MiB page size, pre-allocated 0 pages
[    0.252100] ACPI: Added _OSI(Module Device)
[    0.256017] ACPI: Added _OSI(Processor Device)
[    0.260007] ACPI: Added _OSI(3.0 _SCP Extensions)
[    0.264008] ACPI: Added _OSI(Processor Aggregator Device)
[    0.265764] ACPI: Added _OSI(Linux-Dell-Video)
[    0.268008] ACPI: Added _OSI(Linux-Lenovo-NV-HDMI-Audio)
[    0.272010] ACPI: Added _OSI(Linux-HPI-Hybrid-Graphics)
[    0.276724] ACPI: Executed 1 blocks of module-level executable AML code
[    0.286651] ACPI: Interpreter enabled
[    0.288027] ACPI: (supports S0 S5)
[    0.292003] ACPI: Using IOAPIC for interrupt routing
[    0.294300] PCI: Using host bridge windows from ACPI; if necessary, use "pci=nocrs" and report a bug
[    0.296277] ACPI: Enabled 2 GPEs in block 00 to 07
[    0.310148] ACPI: PCI Root Bridge [PCI0] (domain 0000 [bus 00-ff])
[    0.312022] acpi PNP0A03:00: _OSC: OS supports [ASPM ClockPM Segments MSI]
[    0.316050] acpi PNP0A03:00: _OSC: not requesting OS control; OS requires [ExtendedConfig ASPM ClockPM MSI]
[    0.320022] acpi PNP0A03:00: fail to add MMCONFIG information, can't access extended PCI configuration space under this bridge.
[    0.324552] PCI host bridge to bus 0000:00
[    0.328006] pci_bus 0000:00: root bus resource [io  0x0000-0x0cf7 window]
[    0.332006] pci_bus 0000:00: root bus resource [io  0x0d00-0xffff window]
[    0.336006] pci_bus 0000:00: root bus resource [mem 0x000a0000-0x000bffff window]
[    0.340008] pci_bus 0000:00: root bus resource [mem 0x40000000-0xfdffffff window]
[    0.342535] pci_bus 0000:00: root bus resource [bus 00-ff]
[    0.349653] pci 0000:00:01.1: legacy IDE quirk: reg 0x10: [io  0x01f0-0x01f7]
[    0.352010] pci 0000:00:01.1: legacy IDE quirk: reg 0x14: [io  0x03f6]
[    0.356003] pci 0000:00:01.1: legacy IDE quirk: reg 0x18: [io  0x0170-0x0177]
[    0.360022] pci 0000:00:01.1: legacy IDE quirk: reg 0x1c: [io  0x0376]
[    0.397166] pci 0000:00:07.0: quirk: [io  0x4000-0x403f] claimed by PIIX4 ACPI
[    0.400035] pci 0000:00:07.0: quirk: [io  0x4100-0x410f] claimed by PIIX4 SMB
[    0.422801] ACPI: PCI Interrupt Link [LNKA] (IRQs 5 9 10 *11)
[    0.424410] ACPI: PCI Interrupt Link [LNKB] (IRQs 5 9 *10 11)
[    0.428189] ACPI: PCI Interrupt Link [LNKC] (IRQs 5 *9 10 11)
[    0.432243] ACPI: PCI Interrupt Link [LNKD] (IRQs 5 9 10 *11)
[    0.437169] SCSI subsystem initialized
[    0.440158] pci 0000:00:02.0: vgaarb: setting as boot VGA device
[    0.444000] pci 0000:00:02.0: vgaarb: VGA device added: decodes=io+mem,owns=io+mem,locks=none
[    0.444015] pci 0000:00:02.0: vgaarb: bridge control possible
[    0.448011] vgaarb: loaded
[    0.452071] ACPI: bus type USB registered
[    0.456044] usbcore: registered new interface driver usbfs
[    0.460032] usbcore: registered new interface driver hub
[    0.464054] usbcore: registered new device driver usb
[    0.468106] EDAC MC: Ver: 3.0.0
[    0.472045] PCI: Using ACPI for IRQ routing
[    0.473708] NetLabel: Initializing
[    0.474641] NetLabel:  domain hash size = 128
[    0.475969] NetLabel:  protocols = UNLABELED CIPSOv4 CALIPSO
[    0.476033] NetLabel:  unlabeled traffic allowed by default
[    0.480102] clocksource: Switched to clocksource kvm-clock
[    0.496593] VFS: Disk quotas dquot_6.6.0
[    0.498852] VFS: Dquot-cache hash table entries: 512 (order 0, 4096 bytes)
[    0.502405] AppArmor: AppArmor Filesystem Enabled
[    0.505135] pnp: PnP ACPI init
[    0.509647] pnp: PnP ACPI: found 3 devices
[    0.532159] clocsource: acpi_pm: mask: 0xffffff max_cycles: 0xffffff, max_idle_ns: 207024 ns
[    0.671275] NET: Registeedprotco fmiy 
[    0.828493] TCP estblished hash table entries: 8192 (order: 4, 65536 bytes)
[    0.883539] TCP bind hash table entries: 8192 (order: 5, 131072 bytes)
[    0.885323] TCP: Hash tables configured (established 8192 bind 8192)
[    0.887057] UDP hash table entries: 512 (order: 2, 16384 bytes)
[    0.888672] UDP-Lite hash table entries: 512 (order: 2, 16384 bytes)
[    0.890405] NET: Registered protocol family 1
[    0.891662] pci 000:000.0:imting direcPCI/PCI trnser
   1.165977] pci 0000:00:01.0:ctatngISA A an wrkrond
   1.543000] pci 0000:00:02.0: Video device with shadowed ROM at [mem 0x000c0000-0x000dffff]
[    1.590166] Unpacking initramfs...

[    1.925841] Freeing initrd memory: 19668K
[    1.950841] clocksource: tsc: mask: 0xffffffffffffffff max_cycles: 0x172da94f0e2, max_idle_ns: 440795278248 ns
[    2.074382] platform rtc_cmos: registered platform RTC device (no PNP device found)
[    2.172075] Scanning for low memory corruption every 60 seconds
[    2.238128] Initialise system trusted keyrings
[    2.242079] Key type blacklist registered
[    2.293602] workingset: timestamp_bits=36 max_order=18 bucket_order=0
[    2.350042] zbud: loaded
[    2.351426] squashfs: version 4.0 (2009/01/31) Phillip Lougher
[    2.424887] fuse init (API version 7.26)
[    2.486026] Key type asymmetric registered
[    2.487091] Asymmetric key parser 'x509' registered
[    2.488373] Block layer SCSI generic (bsg) driver version 0.4 loaded (major 246)
[    2.490265] io scheduler noop registered
[    2.491257] io scheduler deadline registered
[    2.492401] io scheduler cfq registered (default)
[    2.494162] ACPI: AC Adapter [AC] (on-line)
[    2.495352] input: Power Button as /devices/LNXSYSTM:00/LNXPWRBN:00/input/input0
[    2.608996] ACPI: Power Button [PWRF]
[    2.613909] input: Sleep Button as /devices/LNXSYSTM:00/LNXSLPBN:00/input/input1
[    2.689467] ACPI: Sleep Button [SLPF]
[    2.692522] Serial: 8250/16550 driver, 32 ports, IRQ sharing enabled
[    2.694246] ACPI: Battery Slot [BAT0] (battery present)
[    2.727849] 00:02: ttyS0 at I/O 0x3f8 (irq = 4, base_baud = 115200) is a 16550A
[    2.739972] Linux agpgart interface v0.103
[    2.746280] loop: module loaded
[    2.754778] scsi host0: ata_piix
[    2.757066] scsi host1: ata_piix
[    2.758809] ata1: PATA max UDMA/33 cmd 0x1f0 ctl 0x3f6 bmdma 0xd000 irq 14
[    2.762928] ata2: PATA max UDMA/33 cmd 0x170 ctl 0x376 bmdma 0xd008 irq 15
[    2.767785] libphy: Fixed MDIO Bus: probed
[    2.771144] tun: Universal TUN/TAP device driver, 1.6
[    2.776298] PPP generic driver version 2.4.2
[    2.778466] ehci_hcd: USB 2.0 'Enhanced' Host Controller (EHCI) Driver
[    2.781761] ehci-pci: EHCI PCI platform driver
[    2.789980] ehci-platform: EHCI generic platform driver
[    2.798327] ohci_hcd: USB 1.1 'Open' Host Controller (OHCI) Driver
[    2.810008] ohci-pci: OHCI PCI platform driver
[    2.842220] ohci-platform: OHCI generic platform driver
[    2.860201] uhci_hcd: USB Universal Host Controller Interface driver
[    2.867181] i8042: PNP: PS/2 Controller [PNP0303:PS2K,PNP0f03:PS2M] at 0x60,0x64 irq 1,12
[    2.878176] serio: i8042 KBD port at 0x60,0x64 irq 1
[    2.897483] serio: i8042 AUX port at 0x60,0x64 irq 12
[    2.908339] mousedev: PS/2 mouse device common for all mice
[    2.929633] input: AT Translated Set 2 keyboard as /devices/platform/i8042/serio0/input/input2
[    2.959435] rtc_cmos rtc_cmos: rtc core: registered rtc_cmos as rtc0
[    2.977494] rtc_cmos rtc_cmos: alarms up to one day, 114 bytes nvram
[    2.993719] i2c /dev entries driver
[    3.025091] device-mapper: uevent: version 1.0.3
[    3.066790] device-mapper: ioctl: 4.37.0-ioctl (2017-09-20) initialised: dm-devel@redhat.com
[    3.091820] ledtrig-cpu: registered to indicate activity on CPUs
[    3.106257] NET: Registered protocol family 10
[    3.124083] Segment Routing with IPv6
[    3.141005] NET: Registered protocol family 17
[    3.148215] Key type dns_resolver registered
[    3.149936] RAS: Correctable Errors collector initialized.
[    3.176461] sched_clock: Marking stable (3176420050, 0)->(9506903776, -6330483726)
[    3.191220] registered taskstats version 1
[    3.206179] Loading compiled-in X.509 certificates
[    3.210605] Loaded X.509 cert 'Build time autogenerated kernel key: e343dd3e31c9820cf0adf0156bc2eecdcfc394af'
[    3.255694] zswap: loaded using pool lzo/zbud
[    3.267521] Key type big_key registered
[    3.274723] Key type trusted registered
[    3.294936] Key type encrypted registered
[    3.324107] AppArmor: AppArmor sha1 policy hashing enabled
[    3.344036] ima: No TPM chip found, activating TPM-bypass! (rc=-19)
[    3.358580] ima: Allocated hash algorithm: sha1
[    3.360099] evm: HMAC attrs: 0x1
[    3.372667]   Magic number: 15:758:513
[    3.386349] rtc_cmos rtc_cmos: setting system clock to 2019-08-26 03:32:27 UTC (1566790347)
[    3.429588] BIOS EDD facility v0.16 2004-Jun-25, 0 devices found
[    3.431551] EDD information not available.
[    3.457792] Freeing unused kernel image memory: 2424K
[    3.492144] Write protecting the kernel read-only data: 20480k
[    3.815981] Freeing unused kernel image memory: 2008K
[    3.818096] Freeing unused kernel image memory: 1864K
[    3.825545] x86/mm: Checked W+X mappings: passed, no W+X pages found.
[    3.827676] x86/mm: Checking user space page tables
[    3.836208] x86/mm: Checked W+X mappings: passed, no W+X pages found.
Loading, please wait...
starting version 237
[    4.210714] e1000: Intel(R) PRO/1000 Network Driver - version 7.3.21-k8-NAPI
[    4.220631] e1000: Copyright (c) 1999-2006 Intel Corporation.
[    4.226928] Fusion MPT base driver 3.04.20
[    4.228060] Copyright (c) 1999-2008 LSI Corporation
[    4.234283] Fusion MPT SPI Host driver 3.04.20
[    4.241956] mptbase: ioc0: Initiating bringup
[    4.246588] AVX2 version of gcm_enc/dec engaged.
[    4.248339] AES CTR mode by8 optimization enabled
[    4.349346] ioc0: LSI53C1030 A0: Capabilities={Initiator}
[    4.977677] input: ImExPS/2 Generic Explorer Mouse as /devices/platform/i8042/serio1/input/input4
[    5.233786] scsi host2: ioc0: LSI53C1030 A0, FwRev=00000000h, Ports=1, MaxQ=256, IRQ=20
[    5.441188] scsi 2:0:0:0: Direct-Access     VBOX     HARDDISK         1.0  PQ: 0 ANSI: 5
[    5.481834] scsi target2:0:0: Beginning Domain Validation
[    5.486376] scsi target2:0:0: Domain Validation skipping write tests
[    5.489128] scsi target2:0:0: Ending Domain Validation
[    5.490936] scsi target2:0:0: asynchronous
[    5.493516] scsi 2:0:1:0: Direct-Access     VBOX     HARDDISK         1.0  PQ: 0 ANSI: 5
[    5.832145] scsi target2:0:1: Beginning Domain Validation
[    5.873655] random: fast init done
[    5.875744] scsi target2:0:1: Domain Validation skipping write tests
[    5.877887] scsi target2:0:1: Ending Domain Validation
[    5.879752] scsi target2:0:1: asynchronous
[    5.886162] sd 2:0:0:0: Attached scsi generic sg0 type 0
[    5.886794] random: systemd-udevd: uninitialized urandom read (16 bytes read)
[    5.888121] sd 2:0:0:0: [sda] 20971520 512-byte logical blocks: (10.7 GB/10.0 GiB)
[    5.892190] e1000 0000:00:03.0 eth0: (PCI:33MHz:32-bit) 02:f6:70:42:12:5d
[    5.894749] sd 2:0:1:0: Attached scsi generic sg1 type 0
[    5.896132] e1000 0000:00:03.0 eth0: Intel(R) PRO/1000 Network Connection
[    5.898140] sd 2:0:0:0: [sda] Write Protect is off
[    5.899817] random: systemd-udevd: uninitialized urandom read (16 bytes read)
[    5.903148] random: systemd-udevd: uninitialized urandom read (16 bytes read)
[    5.903493] sd 2:0:0:0: [sda] Incomplete mode parameter data
[    5.907304] sd 2:0:1:0: [sdb] 20480 512-byte logical blocks: (10.5 MB/10.0 MiB)
[    5.907483] sd 2:0:0:0: [sda] Assuming drive cache: write through
[    5.921343] sd 2:0:1:0: [sdb] Write Protect is off
[    5.923141]  sda: sda1
[    5.925788] sd 2:0:1:0: [sdb] Incomplete mode parameter data
[    5.925967] sd 2:0:0:0: [sda] Attached SCSI disk
[    5.927979] sd 2:0:1:0: [sdb] Assuming drive cache: write through
[    5.952249] sd 2:0:1:0: [sdb] Attached SCSI disk
[    6.355026] e1000 0000:00:08.0 eth1: (PCI:33MHz:32-bit) 08:00:27:8e:6a:71
[    7.225819] e1000 0000:00:08.0 eth1: Intel(R) PRO/1000 Network Connection
[    7.238156] e1000 0000:00:08.0 enp0s8: renamed from eth1
[    7.273388] e1000 0000:00:03.0 enp0s3: renamed from eth0
Begin: Loading essential drivers ... [    8.784588] raid6: sse2x1   gen()  9904 MB/s
[    8.836116] raid6: sse2x1   xor()  7063 MB/s
[    8.892041] raid6: sse2x2   gen() 11749 MB/s
[    8.956317] raid6: sse2x2   xor()  8026 MB/s
[    9.016117] raid6: sse2x4   gen() 13736 MB/s
[    9.080068] raid6: sse2x4   xor()  8562 MB/s
[    9.164215] raid6: avx2x1   gen() 18157 MB/s
[    9.228445] raid6: avx2x1   xor() 12677 MB/s
[    9.280048] raid6: avx2x2   gen() 20964 MB/s
[    9.356095] raid6: avx2x2   xor() 14443 MB/s
[    9.416136] raid6: avx2x4   gen() 24538 MB/s
[    9.464120] raid6: avx2x4   xor()  9906 MB/s
[    9.471092] raid6: using algorithm avx2x4 gen() 24538 MB/s
[    9.477489] raid6: .... xor() 9906 MB/s, rmw enabled
[    9.479974] raid6: using avx2x2 recovery algorithm
[    9.485361] xor: automatically using best checksumming function   avx       
[    9.497570] async_tx: api initialized (async)
done.
Begin: Running /scripts/init-premount ... done.
Begin: Mounting root file system ... Begin: Running /scripts/local-top ... done.
Begin: Running /scripts/local-premount ... [    9.556213] Btrfs loaded, crc32c=crc32c-intel
Scanning for Btrfs filesystems
done.
Warning: fsck not present, so skipping root file[    9.637282] EXT4-fs (sda1): mounted filesystem with ordered data mode. Opts: (null)
 system
done.
Begin: Running /scripts/local-bottom ... done.
Begin: Running /scripts/init-bottom ... done.
[    9.869795] ip_tables: (C) 2000-2006 Netfilter Core Team
[    9.883185] systemd[1]: systemd 237 running in system mode. (+PAM +AUDIT +SELINUX +IMA +APPARMOR +SMACK +SYSVINIT +UTMP +LIBCRYPTSETUP +GCRYPT +GNUTLS +ACL +XZ +LZ4 +SECCOMP +BLKID +ELFUTILS +KMOD -IDN2 +IDN -PCRE2 default-hierarchy=hybrid)
[   10.096762] systemd[1]: Detected virtualization oracle.
[   10.123602] systemd[1]: Detected architecture x86-64.

Welcome to [1mUbuntu 18.04.3 LTS[0m!

[   10.189739] systemd[1]: Set hostname to <ubuntu-bionic>.
[   10.640469] systemd[1]: Reached target System Time Synchronized.
[[0;32m  OK  [0m] Reached target System Time Synchronized.
[   11.125977] systemd[1]: Created slice User and Session Slice.
[[0;32m  OK  [0m] Created slice User and Session Slice.
[   12.149124] systemd[1]: Reached target Swap.
[[0;32m  OK  [0m] Reached target Swap.
[   12.256432] systemd[1]: Set up automount Arbitrary Executable File Formats File System Automount Point.
[[0;32m  OK  [0m] Set up automount Arbitrary Executab…rmats File System Automount Point.
[   13.896710] systemd[1]: Started Forward Password Requests to Wall Directory Watch.
[[0;32m  OK  [0m] Started Forward Password Requests to Wall Directory Watch.
[   14.269096] systemd[1]: Reached target User and Group Name Lookups.
[[0;32m  OK  [0m] Reached target User and Group Name Lookups.
[[0;32m  OK  [0m] Created slice System Slice.
[[0;32m  OK  [0m] Listening on Network Service Netlink Socket.
[[0;32m  OK  [0m] Listening on Journal Socket.
         Starting Create list of required st…ce nodes for the current kernel...
[[0;32m  OK  [0m] Listening on /dev/initctl Compatibility Named Pipe.
[[0;32m  OK  [0m] Listening on udev Kernel Socket.
         Mounting Kernel Debug File System...
[[0;32m  OK  [0m] Listening on LVM2 poll daemon socket.
[[0;32m  OK  [0m] Listening on RPCbind Server Activation Socket.
[[0;32m  OK  [0m] Listening on Syslog Socket.
[[0;32m  OK  [0m] Listening on LVM2 metadata daemon socket.
[[0;32m  OK  [0m] Created slice system-serial\x2dgetty.slice.
         Mounting Huge Pages File System...
[[0;32m  OK  [0m] Listening on udev Control Socket.
         Starting udev Coldplug all Devices...
         Starting Set the console keyboard layout...
[[0;32m  OK  [0m] Listening on Device-mapper event daemon FIFOs.
         Starting Monitoring of LVM2 mirrors…ng dmeventd or progress polling...
         Mounting POSIX Message Queue File System...
         Starting Uncomplicated firewall...
         Mounting RPC Pipe File System...
         Starting Load Kernel Modules...
[[0;32m  OK  [0m] Reached target Slices.
         Starting Remount Root and Kernel File Systems...
[[0;32m  OK  [[   14.877511] RPC: Registered named UNIX socket transport module.
0m] Listening on Journal Audit S[   14.929455] RPC: Registered udp transport module.
ocket.
[   14.929456] RPC: Registered tcp transport module.
[   14.929456] RPC: Registered tcp NFSv4.1 backchannel transport module.
[   14.984193] systemd[1]: Listening on Journal Socket (/dev/log).
[[0;32m  OK  [0m] Listening on Journal Socket (/dev/log).
[   15.004822] systemd[1]: Starting Journal Service...
[   15.020247] EXT4-fs (sda1): re-mounted. Opts: (null)
         Starting Journal Service...
[   15.037682] systemd[1]: Started Create list of required static device nodes for the current kernel.
[[0;32m  OK  [0m] Started Create list of required sta…vice nodes for the current kernel.
[   15.060847] Loading iSCSI transport class v2.0-870.
[   15.072529] systemd[1]: Mounted Kernel Debug File System.
[[0;32m  OK  [0m] Mounted Kernel Debug File System.
[   15.097751] systemd[1]: Mounted Huge Pages File System.
[[0;32m  OK  [0[   15.107604] iscsi: registered transport (tcp)
m] Mounted Huge Pages File System.
[   15.113389] systemd[1]: Mounted POSIX Message Queue File System.
[[0;32m  OK  [0m] Mounted POSIX Message Queue File System.
[   15.120883] systemd[1]: Started Uncomplicated firewall.
[[0;32m  OK  [0m] Started Uncomplicated firewall.
[   15.132581] systemd[1]: Mounted RPC Pipe File System.
[[0;32m  OK  [0m] Mounted RPC Pipe File System.
[   15.137861] systemd[1]: Started Journal Service.
[[0;32m  OK  [0m] Started Journal Service.
[[0;32m  OK  [0m] Started Remount Root and Kernel File Systems.
[[0;32m  OK  [0m] Started LVM2 metadata daemon.
         Starting Load/Save Random Seed...
         Starting Flush Journal to Persistent Storage...
         Starting Create Static Device No[   15.175621] random: crng init done
des in /dev...
[   15.179869] random: 7 urandom warning(s) missed due to ratelimiting
[[0;32m  OK  [0m] Started Load/Save Random Seed.
[[0;32m  OK  [0m] Started udev Coldplug all Devices.
[[0;32m  OK  [0m] Started Monitoring of LVM2 mirrors,…sing dmeventd or progress [   15.206077] iscsi: registered transport (iser)
polling.
[[0;32m  OK  [0m] Started Set the console keyboard layout.
[[0;32m  OK  [0m] Started Load Kernel Modules.
[[0;32m  OK  [0m] Started Create Static Device Nodes in /dev.
         Starting udev Kernel Device Manager...
         Mounting FUSE Control File System...
         Starting Apply Kernel Variables...
         Mounting Kernel Configuration File System...
[[0;32m  OK  [0m] Reached target Local File Systems (Pre).
[[0;32m  OK  [0m] Reached target Local File Systems.
         Starting Set console font and keymap...
         Starting Tell Plymouth To Write Out Runtime Data...
         Starting ebtables ruleset management...
         Starting AppArmor initialization...
         Starting Preprocess NFS configuration...
[[0;32m  OK  [0m] Started udev Kernel Device Manager.
[[0;32m  OK  [0m] Mounted FUSE Control File System.
[[0;32m  OK  [0m] Mounted Kernel Configuration File System.
[[0;32m  OK  [0m] Started Dispatch Password Requests to Console Directory Watch.
[[0;32m  OK  [0m] Reached target Local Encrypted Volumes.
[[0;32m  OK  [0m] Started Set console font and keymap.
[[0;32m  OK  [0m] Started Tell Plymouth To Write Out Runtime Data.
[[0;32m  OK  [0m] Started Preprocess NFS configuration.
[[0;32m  OK  [0m] Reached target NFS client services.
[[0;32m  OK  [0m] Started Apply Kernel Variables.
[[0;32m  OK  [0m] Started ebtables ruleset management.
[[0;32m  OK  [0m] Started Flush Journal to Persistent Storage.
         Starting Create Volatile Files and Directories...
[[0;32m  OK  [0m] Found device /dev/ttyS0.
[[0;32m  OK  [0m] Started Create Volatile Files and Directories.
         Starting Update UTMP about System Boot/Shutdown...
         Starting RPC bind portmap service...
[[0;32m  OK  [0m] Started RPC bind portmap service.
[[0;32m  OK  [0m] Reached target RPC Port Mapper.
[[0;32m  OK  [0m] Started Update UTMP about System Boot/Shutdown.
[[0;32m  OK  [0m] Listening on Load/Save RF Kill Switch Status /dev/rfkill Watch.
[[0;32m  OK  [0m] Started AppArmor initialization.
         Starting Initial cloud-init job (pre-networking)...
[   17.797702] cloud-init[534]: Cloud-init v. 19.1-1-gbaa47854-0ubuntu1~18.04.1 running 'init-local' at Mon, 26 Aug 2019 03:32:41 +0000. Up 17.54 seconds.
[[0;32m  OK  [0m] Started Initial cloud-init job (pre-networking).
[[0;32m  OK  [0m] Reached target Network (Pre).
         Starting Network Service...
[[0;32m  OK  [0m] Started Network Service.
         Starting Network Name Resolution...
         Starting Wait for Network to be Configured...
[[0;32m  OK  [0m] Started Network Name Resolution.
[[0;32m  OK  [0m] Reached target Network.
[[0;32m  OK  [0m] Reached target Host and Network Name Lookups.
[[0;32m  OK  [0m] Started Wait for Network to be Configured.
         Starting Initial cloud-init job (metadata service crawler)...
[   20.778018] cloud-init[709]: Cloud-init v. 19.1-1-gbaa47854-0ubuntu1~18.04.1 running 'init' at Mon, 26 Aug 2019 03:32:44 +0000. Up 20.47 seconds.
[   20.849277] cloud-init[709]: ci-info: ++++++++++++++++++++++++++++++++++++++Net device info+++++++++++++++++++++++++++++++++++++++
[   20.880633] cloud-init[709]: ci-info: +--------+------+-----------------------------+---------------+--------+-------------------+
[   20.958267] cloud-init[709]: ci-info: | Device |  Up  |           Address           |      Mask     | Scope  |     Hw-Address    |
[   20.974628] cloud-init[709]: ci-info: +--------+------+-----------------------------+---------------+--------+-------------------+
[   21.007067] cloud-init[709]: ci-info: | enp0s3 | True |          10.0.2.15          | 255.255.255.0 | global | 02:f6:70:42:12:5d |
[   21.028498] cloud-init[709]: ci-info: | enp0s3 | True |  fe80::f6:70ff:fe42:125d/64 |       .       |  link  | 02:f6:70:42:12:5d |
[   21.045208] cloud-init[709]: ci-info: | enp0s8 | True |        192.168.33.10        | 255.255.255.0 | global | 08:00:27:8e:6a:71 |
[   21.076676] cloud-init[709]: ci-info: | enp0s8 | True | fe80::a00:27ff:fe8e:6a71/64 |       .       |  link  | 08:00:27:8e:6a:71 |
[   21.093786] cloud-init[709]: ci-info: |   lo   | True |          127.0.0.1          |   255.0.0.0   |  host  |         .         |
[[0;32m  OK  [0m] Started Initial cloud-init job (metadata service crawler).
[[0;32m  OK  [0m] Reached target Network is Online.
[   21.135225] cloud-init[709]: ci-info: |   lo   | True |           ::1/128           |       .       |  host  |         .         |
[[0;32m  OK  [0m] Reached target Remote File Systems (Pre).
[[0;32m  OK  [0m] Reached target Remote File Systems.
         Starting Availability of block devices...
[[0;32m  OK  [0m] Reached target Cloud-config availability.
[[0;32m  OK  [0m] Reached target System Initialization.
[   21.181573] cloud-init[709]: ci-info: +--------+------+-----------------------------+---------------+--------+-------------------+
[[0;32m  OK  [0m] Started Message of the Day.
         Starting Socket activation for snappy daemon.
[[0;32m  OK  [0m] Listening on ACPID Listen Socket.
[   21.248673] cloud-init[709]: ci-info: +++++++++++++++++++++++++++++Route IPv4 info+++++++++++++++++++++++++++++
[[0;32m  OK  [0m] Listening on D-Bus System Message Bus Socket.
[   21.269414] [[0;32m  OK  [0m] Started Daily apt download activities.
[[0;32m  OK  [0m] Listening on UUID daemon activation socket.
[[0;32m  OK  [0m] Listening on Open-iSCSI iscsid Socket.
cloud-init[709]: ci-info: +-------+--------------+----------+-----------------+-----------+-------+
[[0;32m  OK  [0m] Started ACPI Events Check.
[[0;32m  OK  [0m] Reached target Paths.
[[0;32m  OK  [0m] Started Daily apt upgrade and clean activities.
[   21.318860] cloud-init[709]: ci-info: | Route | Destination  | Gateway  |     Genmask     | Interface | Flags |
[[0;32m  OK  [0m] Started Daily Cleanup of Temporary Directories.
[   21.345734] cloud-init[709]: ci-info: +-------+--------------+----------+-----------------+-----------+-------+
[   21.387997]          Starting LXD - unix socket.
[[0;32m  OK  [0m] Started Discard unused blocks once a week.
[[0;32m  OK  [0m] Reached target Timers.
cloud-init[709]: ci-info: |   0   |   0.0.0.0    | 10.0.2.2 |     0.0.0.0     |   enp0s3  |   UG  |
[   21.424990] cloud-init[709]: ci-info: |   1   |   10.0.2.0   | 0.0.0.0  |  255.255.255.0  |   enp0s3  |   U   |
[[0;32m  OK  [0m] Started Availability of block devices.
[   21.433099] [[0;32m  OK  [0m] Listening on Socket activation for snappy daemon.
[[0;32m  OK  [0m] Listening on LXD - unix socket.
[[0;32m  OK  [0m] Reached target Sockets.
[[0;32m  OK  [0m] Reached target Basic System.
         Starting System Logging Service...
[[0;32m  OK  [0m] Started D-Bus System Message Bus.
cloud-init[709]: ci-info: |   2   |   10.0.2.2   | 0.0.0.0  | 255.255.255.255 |   enp0s3  |   UH  |
[   21.524799] cloud-init[709]: ci-info: |   3   | 192.168.33.0 | 0.0.0.0  |  255.255.255.0  |   enp0s8  |   U   |
[[0;32m  OK  [0m] Started Deferred execution scheduler.
[   21.572221] cloud-init[709]: ci-info: +-------+--------------+----------+-----------------+-----------+-------+
[   21.608702]          cloud-initStarting Permit User Sessions...[709]: 
ci-info: +++++++++++++++++++Route IPv6 info+++++++++++++++++++
[[0;32m  OK  [0m] Started Regular background program processing daemon.
[   21.670114] cloud-init[709]: ci-info: +-------+-------------+---------+-----------+-------+
         Starting LSB: automatic crash report generation...
[   21.695513] cloud-init[709]: ci-info: | Route | Destination | Gateway | Interface | Flags |         Starting Login Service...

         Starting Accounts Service...
[   21.722486] cloud-init[709]: ci-info: +-------+-------------+---------+-----------+-------+
[[0;32m  OK  [0m] Started FUSE filesystem for LXC.
[   21.739145] cloud-init[709]:          Starting vboxadd.service...
ci-info: |   1   |  fe80::/64  |    ::   |   enp0s8  |   U   |
         Starting Dispatcher daemon for systemd-networkd...
[   21.843638] cloud-init[709]: ci-info: |   2   |  fe80::/64  |    ::   |   enp0s3  |   U   |
[   21.861108] cloud-init[709]: ci-info: |   4   |    local    |    ::   |   enp0s3  |   U   |
[   21.881443] cloud-init[709]: ci-info: |   5   |    local    |    ::   |   enp0s8  |   U   |
         Starting LXD - container startup/shutdown...
[   21.884029] cloud-init[[0;32m  OK  [0m] Started irqbalance daemon.
[709]: ci-info: |   6   |   ff00::/8  |    ::   |   enp0s8  |   U   |
[   21.941450]          Starting OpenBSD Secure Shell server...
         Starting LSB: Record successful boot for GRUB...
         Starting Snappy daemon...
cloud-init[709]: ci-info: |   7   |   ff00::/8  |    ::   |   enp0s3  |   U   |
[[0;32m  OK  [0m] Started System Logging Service.
[[0;32m  OK  [0m] Started Permit User Sessions.
[   22.008218] cloud-init[709]: ci-info: +-------+-------------+---------+-----------+-------+[[0;32m  OK  [0m] Started Login Service.

         Starting Authorization Manager...
[[0;32m  OK  [0m] Started Unattended Upgrades Shutdown.
         Starting Hold until boot process finishes up...
         Starting Terminate Plymouth Boot Screen...
[[0;32m  OK  [0m] Started Hold until boot process finishes up.
[[0;32m  OK  [0m] Started Terminate Plymouth Boot Screen.
[[0;32m  OK  [0m] Started Serial Getty on ttyS0.
         Starting Set console scheme...
[[0;32m  OK  [0m] Started OpenBSD Secure Shell server.
[[0;32m  OK  [0m] Started Set console scheme.
[[0;32m  OK  [0m] Started LSB: automatic crash report generation.
[[0;32m  OK  [0m] Created slice system-getty.slice.
[[0;32m  OK  [0m] Started Getty on tty1.
[[0;32m  OK  [0m] Reached target Login Prompts.
[[0;32m  OK  [0m] Started Authorization Manager.
[[0;32m  OK  [0m] Started Accounts Service.
[[0;32m  OK  [0m] Created slice User Slice of vagrant.
[[0;32m  OK  [0m] Started LXD - container startup/shutdown.
[[0;32m  OK  [0m] Started LSB: Record successful boot for GRUB.
         Starting User Manager for UID 1000...
[[0;32m  OK  [0m] Started Session 1 of user vagrant.
[[0;32m  OK  [0m] Started Snappy daemon.
         Starting Wait until snapd is fully seeded...
[[0;32m  OK  [0m] Started Dispatcher daemon for systemd-networkd.
[[0;32m  OK  [0m] Started Wait until snapd is fully seeded.
         Starting Apply the settings specified in cloud-config...
[[0;32m  OK  [0m] Started User Manager for UID 1000.
[[0;32m  OK  [0m] Started vboxadd.service.
         Starting vboxadd-service.service...
[[0;32m  OK  [0m] Started vboxadd-service.service.
[[0;32m  OK  [0m] Reached target Multi-User System.
[[0;32m  OK  [0m] Reached target Graphical Interface.
         Starting Update UTMP about System Runlevel Changes...
[[0;32m  OK  [0m] Started Update UTMP about System Runlevel Changes.
[   23.869114] cloud-init[1079]: Cloud-init v. 19.1-1-gbaa47854-0ubuntu1~18.04.1 running 'modules:config' at Mon, 26 Aug 2019 03:32:47 +0000. Up 23.71 seconds.
[[0;32m  OK  [0m] Started Apply the settings specified in cloud-config.
         Starting Execute cloud user/final scripts...
[   24.634297] cloud-init[1213]: Cloud-init v. 19.1-1-gbaa47854-0ubuntu1~18.04.1 running 'modules:final' at Mon, 26 Aug 2019 03:32:48 +0000. Up 24.50 seconds.
[   24.639240] cloud-init[1213]: Cloud-init v. 19.1-1-gbaa47854-0ubuntu1~18.04.1 finished at Mon, 26 Aug 2019 03:32:48 +0000. Datasource DataSourceNoCloud [seed=/dev/sdb][dsmode=net].  Up 24.62 seconds
[[0;32m  OK  [0m] Started Execute cloud user/final scripts.
[[0;32m  OK  [0m] Reached target Cloud-init target.

Ubuntu 18.04.3 LTS ubuntu-bionic ttyS0

ubuntu-bionic login: [[0;32m  OK  [0m] Stopped target Graphical Interface.
[[0;32m  OK  [0m] Stopped target Host and Network Name Lookups.
         Stopping Accounts Service...
         Stopping Authorization Manager...
[[0;32m  OK  [0m] Stopped target RPC Port Mapper.
[[0;32m  OK  [0m] Stopped target Timers.
[[0;32m  OK  [0m] Stopped Daily Cleanup of Temporary Directories.
         Unmounting RPC Pipe File System...
[[0;32m  OK  [0m] Closed Load/Save RF Kill Switch Status /dev/rfkill Watch [[0;32m  OK  [0m] Unmounted /var/lib/lxcfs.
[[0;32m  OK  [0m] Stopped System Logging Service.
[[0;32m  OK  [0m] Stopped Deferred execution scheduler.
[[0;32m  OK  [0m] Stopped Regular background program processing daemon.
[[0;32m  OK  [0m] Stopped Accounts Service.
[[0;32m  OK  [0m] Stopped Dispatcher daemon for systemd-networkd.
[[0;32m  OK  [0m] Stopped irqbalance daemon.
[[0;32m  OK  [0m] Stopped Authorization Manager.
[[0;32m  OK  [0m] Stopped Unattended Upgrades Shutdown.
[[0;32m  OK  [0m] Stopped OpenBSD Secure Shell server.
[[0;32m  OK  [0m] Stopped Serial Getty on ttyS0.
[[0;32m  OK  [0m] Stopped Getty on tty1.
[[0;32m  OK  [0m] Stopped User Manager for UID 1000.
[[0;32m  OK  [0m] Unmounted RPC Pipe File System.
[[0;32m  OK  [0m] Stopped Availability of block devices.
[[0;32m  OK  [0m] Stopped D-Bus System Message Bus.
[[0;32m  OK  [0m] Stopped FUSE filesystem for LXC.
[[0;32m  OK  [0m] Stopped Session 6 of user vagrant.
[[0;32m  OK  [0m] Removed slice User Slice of vagrant.
[[0;32m  OK  [0m] Removed slice system-getty.slice.
         Stopping Permit User Sessions...
[[0;32m  OK  [0m] Removed slice system-serial\x2dgetty.slice.
         Stopping Login Service...
[[0;32m  OK  [0m] Stopped LSB: automatic crash report generation.
[[0;32m  OK  [0m] Stopped LSB: Record successful boot for GRUB.
[[0;32m  OK  [0m] Stopped Permit User Sessions.
[[0;32m  OK  [0m] Stopped LXD - container startup/shutdown.
[[0;32m  OK  [0m] Stopped target Network.
         Stopping Network Name Resolution...
[[0;32m  OK  [0m] Stopped target Remote File Systems.
[[0;32m  OK  [0m] Stopped target Remote File Systems (Pre).
[[0;32m  OK  [0m] Stopped target NFS client services.
[[0;32m  OK  [0m] Stopped Network Name Resolution.
[[0;32m  OK  [0m] Stopped Login Service.
[[0;32m  OK  [0m] Stopped target User and Group Name Lookups.
         Stopping Network Service...
[[0;32m  OK  [0m] Stopped vboxadd-service.service.
[[0;32m  OK  [0m] Stopped Network Service.
[[0;32m  OK  [0m] Stopped target Network (Pre).
         Stopping vboxadd.service...
[[0;32m  OK  [0m] Unmounted /vagrant.
[[0;32m  OK  [0m] Stopped vboxadd.service.
[[0;32m  OK  [0m] Stopped target Basic System.
[[0;32m  OK  [0m] Stopped target Sockets.
[[0;32m  OK  [0m] Closed LXD - unix socket.
[[0;32m  OK  [0m] Closed ACPID Listen Socket.
[[0;32m  OK  [0m] Closed Socket activation for snappy daemon.
[[0;32m  OK  [0m] Closed Open-iSCSI iscsid Socket.
[[0;32m  OK  [0m] Closed D-Bus System Message Bus Socket.
[[0;32m  OK  [0m] Closed UUID daemon activation socket.
[[0;32m  OK  [0m] Closed Syslog Socket.
[[0;32m  OK  [0m] Stopped target Slices.
[[0;32m  OK  [0m] Removed slice User and Session Slice.
[[0;32m  OK  [0m] Stopped target Paths.
[[0;32m  OK  [0m] Stopped ACPI Events Check.
[[0;32m  OK  [0m] Stopped target System Initialization.
[[0;32m  OK  [0m] Stopped Initial cloud-init job (metadata service crawler).
         Stopping Update UTMP about System Boot/Shutdown...
[[0;32m  OK  [0m] Stopped target Local Encrypted Volumes.
[[0;32m  OK  [0m] Stopped Dispatch Password Requests to Console Directory Watch.
[[0;32m  OK  [0m] Stopped Forward Password Requests to Wall Directory Watch.
[[0;32m  OK  [0m] Stopped Initial cloud-init job (pre-networking).
[[0;32m  OK  [0m] Stopped Apply Kernel Variables.
[[0;32m  OK  [0m] Stopped Load Kernel Modules.
         Stopping Load/Save Random Seed...
[[0;32m  OK  [0m] Stopped Update UTMP about System Boot/Shutdown.
[[0;32m  OK  [0m] Stopped Load/Save Random Seed.
[[0;32m  OK  [0m] Stopped Create Volatile Files and Directories.
[[0;32m  OK  [0m] Stopped target Local File Systems.
         Unmounting /run/user/1000...
[[0;32m  OK  [0m] Unmounted /run/user/1000.
[[0;32m  OK  [0m] Reached target Unmount All Filesystems.
[[0;32m  OK  [0m] Stopped target Local File Systems (Pre).
[[0;32m  OK  [0m] Stopped Create Static Device Nodes in /dev.
         Stopping Monitoring of LVM2 mirrors…ng dmeventd or progress polling...
[[0;32m  OK  [0m] Stopped Remount Root and Kernel File Systems.
[[0;32m  OK  [0m] Stopped target Swap.
[[0;32m  OK  [0m] Reached target Shutdown.
[[0;32m  OK  [0m] Reached target Final Step.
         Starting Power-Off...
[[0;32m  OK  [0m] Stopped Monitoring of LVM2 mirrors,…sing dmeventd or progress polling.
         Stopping LVM2 metadata daemon...
[[0;32m  OK  [0m] Stopped LVM2 metadata daemon.
[ 4144.147938] reboot: Power down
